-------------------------------------------------------------------------------
Test set: Login User Endpoint
-------------------------------------------------------------------------------
Tests run: 1, Failures: 1, Errors: 0, Skipped: 0, Time elapsed: 5.052 s <<< FAILURE! - in Login User Endpoint
Login User Endpoint.Refresh Token  Time elapsed: 5.052 s  <<< FAILURE!
java.lang.AssertionError: expected:<200> but was:<405>

